[small] OK     tbl=1   rows=2369    1s  2007ミスミ新規製作テータベース.fp7
[small] OK     tbl=3   rows=1534    0s  2008新商品データベース.fp7
[small] OK     tbl=0   rows=0       0s  @START.fp7
[small] OK     tbl=33  rows=301     0s  @技術力_メイン(1).fp7
[small] OK     tbl=2   rows=50      0s  @新見積試算プログラム.fp7
[small] OK     tbl=4   rows=692     1s  @発注書.fp7
[small] OK     tbl=1   rows=27551   5s  CKK検査表.fp7
[small] OK     tbl=1   rows=101     0s  CS在庫管理システム.fp7
[small] OK     tbl=1   rows=1       0s  CS集計システム.fp7
[small] OK     tbl=0   rows=0       0s  FMServer_Sample_Config.fp7
[small] OK     tbl=2   rows=3       1s  HP検査成績表ミスミ.fp7
[small] OK     tbl=4   rows=127281  21s  LB060.fp7
[small] OK     tbl=1   rows=3613    1s  NP4データ管理システム.fp7
[small] OK     tbl=4   rows=34089   7s  T-value管理システム.fp7
[small] OK     tbl=21  rows=13093   2s  TEST価格表200902.fp7
[small] OK     tbl=2   rows=3729    2s  TEST在庫材料.fp7
[small] OK     tbl=1   rows=12184   3s  THKコード.fp7
[small] OK     tbl=1   rows=393     0s  TSP材料.fp7
[small] OK     tbl=1   rows=1972    0s  TSP発注書.fp7
[small] OK     tbl=1   rows=948     1s  TSP素材発注書1.fp7
[small] OK     tbl=1   rows=267     0s  TSP見積書1.fp7
[small] OK     tbl=4   rows=91      0s  UF在庫管理システム.fp7
[small] OK     tbl=1   rows=2       0s  UF集計システム.fp7
[small] OK     tbl=1   rows=0       0s  test.fp7
[small] OK     tbl=20  rows=12820   3s  ずらし角度計算.fp7
[small] OK     tbl=1   rows=526     0s  コーティング価格表.fp7
[small] OK     tbl=1   rows=14      0s  センタレス日程管理.fp7
[small] OK     tbl=1   rows=7815    1s  センタレス検査表.fp7
[small] OK     tbl=1   rows=1       0s  ダイジェット製品加工データー.fp7
[small] OK     tbl=1   rows=1436    1s  ミストラブル報告1.fp7
[small] OK     tbl=1   rows=3165    1s  ミスミ型番形状.fp7
[small] ERR_rc1 tbl=0   rows=0       0s  ミスミ帳票関係.fp7
[small] OK     tbl=2   rows=179015  29s  ミスミ販売管理システム.fp7
[small] OK     tbl=3   rows=1683    1s  リブ在庫システム.fp7
[small] OK     tbl=62  rows=571     0s  リブ在庫管理システム.fp7
[small] OK     tbl=59  rows=213     0s  リブ在庫管理システム1.fp7
[small] OK     tbl=1   rows=1       0s  リブ在庫集計画面.fp7
[small] OK     tbl=1   rows=2       0s  リブ在庫集計画面1.fp7
[small] OK     tbl=1   rows=1       0s  リブ母材集計.fp7
[small] OK     tbl=3   rows=46      0s  不良画像データベース.fp7
[small] OK     tbl=1   rows=73      0s  仕事データベース.fp7
[small] OK     tbl=1   rows=18717   4s  他検査表(ｺﾋﾟｰ).fp7
[small] OK     tbl=1   rows=11965   2s  仮伝発行システム.fp7
[small] OK     tbl=1   rows=3416    1s  休日出勤予定システム.fp7
[small] OK     tbl=1   rows=1       0s  修理経過書.fp7
[small] OK     tbl=0   rows=0       0s  再研16.fp7
[small] OK     tbl=23  rows=101836  20s  再研システム.fp7
[small] OK     tbl=1   rows=16      0s  切削記録データベース.fp7
[small] OK     tbl=1   rows=5       0s  切削記録データベース2.fp7
[small] OK     tbl=1   rows=0       0s  加工依頼内容表.fp7
[small] OK     tbl=2   rows=28      0s  加工条件管理.fp7
[small] OK     tbl=1   rows=7734    2s  受注書確認システム.fp7
[small] OK     tbl=13  rows=83662   20s  受注管理システム新2.fp7
[small] OK     tbl=13  rows=83826   21s  受注管理システム新3.fp7
[small] OK     tbl=1   rows=126     0s  品質報告書.fp7
[small] OK     tbl=1   rows=11      0s  商品クレームデータベース.fp7
[small] OK     tbl=1   rows=13      0s  図面数値資料.fp7
[small] OK     tbl=3   rows=444785  74s  山口再研システム.fp7
[small] OK     tbl=1   rows=11043   2s  山口注文システム.fp7
[small] OK     tbl=4   rows=118     0s  山口生産管理スケジューラー.fp7
[small] OK     tbl=4   rows=575     0s  山口製造課スケジューラー.fp7
[small] OK     tbl=1   rows=50      0s  山形在庫管理システム.fp7
[small] OK     tbl=1   rows=1       0s  山形集計システム.fp7
[small] OK     tbl=4   rows=128     0s  役員スケジューラー.fp7
[small] OK     tbl=4   rows=5135    1s  役員スケジューラー2.fp7
[small] OK     tbl=1   rows=115     0s  得意先台帳(販売管理用).fp7
[small] OK     tbl=1   rows=107     0s  得意先台帳.fp7
[small] OK     tbl=1   rows=104     0s  得意先台帳1.fp7
[small] OK     tbl=1   rows=20      0s  文書管理1.fp7
[small] OK     tbl=1   rows=4       0s  新見積試算プログラム.fp7
[small] ERR_rc1 tbl=0   rows=0       0s  新規品データ.fp7
[small] OK     tbl=4   rows=239     0s  本社生産管理スケジューラー.fp7
[small] OK     tbl=4   rows=1942    1s  本社経理スケジューラー1.fp7
[small] OK     tbl=4   rows=605     0s  本社製造課スケジューラー.fp7
[small] OK     tbl=1   rows=653     0s  材料.fp7
[small] OK     tbl=21  rows=13093   2s  材料価格表200902.fp7
[small] OK     tbl=2   rows=1611    1s  棚卸11.08.fp7
[small] OK     tbl=1   rows=28299   5s  段加工検査記録表.fp7
[small] OK     tbl=1   rows=847     0s  母材名検索システム.fp7
[small] OK     tbl=1   rows=999     0s  沖縄発注書.fp7
[small] OK     tbl=1   rows=1       0s  沖縄素材発注書.fp7
[small] OK     tbl=2   rows=111     0s  沖縄見積書.fp7
[small] OK     tbl=1   rows=49      0s  生産管理データベース.fp7
[small] OK     tbl=1   rows=32      0s  発注リスト管理システム.fp7
[small] OK     tbl=1   rows=19721   3s  発注書.fp7
[small] OK     tbl=1   rows=650     1s  社内トピックス1.fp7
[small] OK     tbl=2   rows=19485   3s  納品書システム.fp7
[small] OK     tbl=1   rows=1       0s  素材発注書.fp7
[small] OK     tbl=1   rows=15465   3s  素材発注書1.fp7
[small] OK     tbl=7   rows=209     0s  終了分/HBS・R在庫管理システム.fp7
[small] OK     tbl=1   rows=1       0s  終了分/HBS・R在庫集計画面.fp7
[small] OK     tbl=1   rows=1327    0s  終了分/コピー ～ 棚卸08.08決算.fp7
[small] OK     tbl=1   rows=2963    1s  終了分/ミスミ型番形状20101023.fp7
[small] OK     tbl=1   rows=356     0s  終了分/原価なし材料テータベース.fp7
[small] OK     tbl=82  rows=607     0s  終了分/定尺材在庫管理システム.fp7
[small] OK     tbl=1   rows=1       0s  終了分/定尺材在庫集計画面.fp7
[small] OK     tbl=1   rows=1558    0s  終了分/棚卸08.02.fp7
[small] OK     tbl=1   rows=1565    0s  終了分/棚卸08.03.fp7
[small] OK     tbl=1   rows=2163    1s  終了分/棚卸08.05.fp7
[small] OK     tbl=1   rows=2104    0s  終了分/棚卸08.06.fp7
[small] OK     tbl=1   rows=2173    1s  終了分/棚卸08.07.fp7
[small] OK     tbl=1   rows=1327    0s  終了分/棚卸08.08決算.fp7
[small] OK     tbl=1   rows=1282    0s  終了分/棚卸08.09.fp7
[small] OK     tbl=1   rows=1446    1s  終了分/棚卸08.10.fp7
[small] OK     tbl=1   rows=1176    0s  終了分/棚卸08.11.fp7
[small] OK     tbl=1   rows=1016    0s  終了分/棚卸08.12.fp7
[small] OK     tbl=1   rows=837     0s  終了分/棚卸09.01.fp7
[small] OK     tbl=1   rows=597     1s  終了分/棚卸09.02.fp7
[small] OK     tbl=1   rows=606     0s  終了分/棚卸09.03.fp7
[small] OK     tbl=1   rows=776     0s  終了分/棚卸09.04.fp7
[small] OK     tbl=1   rows=790     0s  終了分/棚卸09.05.fp7
[small] OK     tbl=1   rows=830     0s  終了分/棚卸09.06.fp7
[small] OK     tbl=1   rows=880     0s  終了分/棚卸09.07.fp7
[small] OK     tbl=1   rows=964     1s  終了分/棚卸09.08決算.fp7
[small] OK     tbl=1   rows=1334    0s  終了分/棚卸09.09.fp7
[small] OK     tbl=1   rows=1143    0s  終了分/棚卸09.10.fp7
[small] OK     tbl=1   rows=942     0s  終了分/棚卸09.11.fp7
[small] OK     tbl=1   rows=1134    1s  終了分/棚卸09.12.fp7
[small] OK     tbl=1   rows=1123    0s  終了分/棚卸10.01.fp7
[small] OK     tbl=1   rows=1253    0s  終了分/棚卸10.02.fp7
[small] OK     tbl=1   rows=1114    1s  終了分/棚卸10.03.fp7
[small] OK     tbl=1   rows=1387    0s  終了分/棚卸10.04.fp7
[small] OK     tbl=1   rows=1106    0s  終了分/棚卸10.05.fp7
[small] OK     tbl=1   rows=1301    0s  終了分/棚卸10.06.fp7
[small] OK     tbl=1   rows=1210    1s  終了分/棚卸10.07.fp7
[small] OK     tbl=1   rows=1140    0s  終了分/棚卸10.08決算.fp7
[small] OK     tbl=1   rows=1349    0s  終了分/棚卸10.09.fp7
[small] OK     tbl=1   rows=6       0s  製品サンプル管理.fp7
[small] OK     tbl=1   rows=55      0s  製品画像データベース.fp7
[small] OK     tbl=1   rows=2       0s  請求システム.fp7
[small] OK     tbl=1   rows=70      0s  議事録１.fp7
[small] OK     tbl=1   rows=2       0s  販売管理システム.fp7
[small] OK     tbl=2   rows=20070   3s  赤伝請求システム.fp7
[small] OK     tbl=1   rows=68      0s  週間行動予定表.fp7
[small] OK     tbl=1   rows=818     0s  閉じた分/役員資料1.fp7
[small] OK     tbl=1   rows=1213    1s  閉じた分/棚卸10.10.fp7
[small] OK     tbl=1   rows=1148    0s  閉じた分/棚卸10.11.fp7
[small] OK     tbl=1   rows=1361    0s  閉じた分/棚卸10.12.fp7
[small] OK     tbl=1   rows=1634    1s  閉じた分/棚卸11.01.fp7
[small] OK     tbl=1   rows=1742    0s  閉じた分/棚卸11.02.fp7
[small] OK     tbl=1   rows=1248    0s  閉じた分/棚卸11.03.fp7
[small] OK     tbl=1   rows=1016    1s  閉じた分/棚卸11.04.fp7
[small] OK     tbl=1   rows=882     0s  閉じた分/棚卸11.05.fp7
[small] OK     tbl=1   rows=1285    0s  閉じた分/棚卸11.06.fp7
[small] OK     tbl=1   rows=1063    0s  閉じた分/棚卸11.07.fp7
=== small wave done ===
